{
  "RSpec": {
    "coverage": {
      "/home/developer/gym_app/app/controllers/application_controller.rb": {
        "lines": [
          1,
          1,
          null,
          1,
          null,
          1,
          0,
          null,
          null
        ]
      },
      "/home/developer/gym_app/app/helpers/application_helper.rb": {
        "lines": [
          1,
          null
        ]
      },
      "/home/developer/gym_app/app/helpers/gym_classes_helper.rb": {
        "lines": [
          1,
          null
        ]
      },
      "/home/developer/gym_app/app/helpers/gyms_helper.rb": {
        "lines": [
          1,
          null
        ]
      },
      "/home/developer/gym_app/app/helpers/home_helper.rb": {
        "lines": [
          1,
          null
        ]
      },
      "/home/developer/gym_app/app/helpers/memberships_helper.rb": {
        "lines": [
          1,
          null
        ]
      },
      "/home/developer/gym_app/app/helpers/plans_helper.rb": {
        "lines": [
          1,
          null
        ]
      },
      "/home/developer/gym_app/app/helpers/trainers_helper.rb": {
        "lines": [
          1,
          null
        ]
      },
      "/home/developer/gym_app/app/helpers/user_helper.rb": {
        "lines": [
          1,
          null
        ]
      },
      "/home/developer/gym_app/app/helpers/users_helper.rb": {
        "lines": [
          1,
          null
        ]
      },
      "/home/developer/gym_app/app/models/admin_user.rb": {
        "lines": [
          1,
          null,
          null,
          1,
          null,
          null,
          1,
          0,
          null,
          null
        ]
      },
      "/home/developer/gym_app/app/models/application_record.rb": {
        "lines": [
          1,
          1,
          null,
          null
        ]
      },
      "/home/developer/gym_app/app/admin/admin_users.rb": {
        "lines": [
          1,
          1,
          null,
          1,
          0,
          0,
          0,
          0,
          0,
          0,
          0,
          null,
          null,
          1,
          1,
          1,
          1,
          null,
          1,
          0,
          0,
          0,
          0,
          null,
          0,
          null,
          null,
          null
        ]
      },
      "/home/developer/gym_app/app/admin/dashboard.rb": {
        "lines": [
          null,
          1,
          1,
          null,
          1,
          0,
          0,
          0,
          0,
          null,
          null,
          null,
          null,
          null,
          null,
          null,
          null,
          null,
          null,
          null,
          null,
          null,
          null,
          null,
          null,
          null,
          null,
          null,
          null,
          null,
          null,
          null,
          null
        ]
      },
      "/home/developer/gym_app/app/admin/gym_classes.rb": {
        "lines": [
          1,
          1,
          1,
          0,
          0,
          0,
          0,
          0,
          0,
          0,
          0,
          0,
          null,
          0,
          null,
          null
        ]
      },
      "/home/developer/gym_app/app/models/gym_class.rb": {
        "lines": [
          1,
          1,
          1,
          1,
          1,
          null,
          1,
          1,
          1,
          1,
          1,
          null,
          1,
          0,
          null,
          null,
          1,
          0,
          null,
          null,
          null
        ]
      },
      "/home/developer/gym_app/app/admin/gyms.rb": {
        "lines": [
          1,
          null,
          1,
          1,
          0,
          0,
          0,
          0,
          null,
          0,
          null,
          null,
          null
        ]
      },
      "/home/developer/gym_app/app/models/gym.rb": {
        "lines": [
          1,
          1,
          1,
          1,
          1,
          1,
          null,
          null,
          1,
          1,
          null,
          1,
          0,
          null,
          null,
          1,
          0,
          null,
          null
        ]
      },
      "/home/developer/gym_app/app/admin/memberships.rb": {
        "lines": [
          1,
          1,
          1,
          0,
          0,
          0,
          0,
          0,
          0,
          0,
          null,
          0,
          null,
          null,
          null,
          null,
          null,
          null,
          null,
          null,
          null,
          null,
          null,
          null,
          null,
          null,
          null,
          null,
          null,
          null
        ]
      },
      "/home/developer/gym_app/app/models/membership.rb": {
        "lines": [
          1,
          1,
          1,
          1,
          1,
          null,
          null,
          1,
          1,
          1,
          1,
          1,
          null,
          1,
          0,
          null,
          1,
          0,
          null,
          null,
          null
        ]
      },
      "/home/developer/gym_app/app/admin/plans.rb": {
        "lines": [
          1,
          null,
          null,
          null,
          null,
          null,
          null,
          null,
          null,
          null,
          null,
          null,
          null,
          null,
          null,
          null,
          null,
          null
        ]
      },
      "/home/developer/gym_app/app/models/plan.rb": {
        "lines": [
          1,
          1,
          1,
          null,
          1,
          0,
          null,
          null,
          null
        ]
      },
      "/home/developer/gym_app/app/admin/trainers.rb": {
        "lines": [
          1,
          1,
          1,
          0,
          0,
          0,
          0,
          0,
          0,
          0,
          null,
          0,
          null,
          null
        ]
      },
      "/home/developer/gym_app/app/models/trainer.rb": {
        "lines": [
          1,
          1,
          1,
          null,
          null,
          1,
          0,
          null,
          1,
          0,
          null,
          null,
          null
        ]
      },
      "/home/developer/gym_app/app/models/user.rb": {
        "lines": [
          1,
          null,
          1,
          1,
          null,
          1,
          1,
          null,
          null,
          null,
          1,
          null,
          null,
          null,
          null,
          null
        ]
      }
    },
    "timestamp": 1701686693
  }
}
